2024-10-14 00:43:51.1883|INFO|Microsoft.AspNetCore.DataProtection.KeyManagement.XmlKeyManager|User profile is available. Using 'C:\Users\miban\AppData\Local\ASP.NET\DataProtection-Keys' as key repository and Windows DPAPI to encrypt keys at rest. 
2024-10-14 00:43:51.3597|INFO|Microsoft.Hosting.Lifetime|Now listening on: http://localhost:5011 
2024-10-14 00:43:51.3597|INFO|Microsoft.Hosting.Lifetime|Application started. Press Ctrl+C to shut down. 
2024-10-14 00:43:51.3597|INFO|Microsoft.Hosting.Lifetime|Hosting environment: Development 
2024-10-14 00:43:51.3597|INFO|Microsoft.Hosting.Lifetime|Content root path: C:\Users\miban\OneDrive\Documents\project\JeJaimes\Applications\Api\jejames.api.ApiFactura 
2024-10-14 00:58:53.6870|INFO|Microsoft.AspNetCore.Hosting.Diagnostics|Request starting HTTP/1.1 POST http://localhost:5011/api/auth/register - application/json 119 
2024-10-14 00:58:53.7695|INFO|Microsoft.AspNetCore.Routing.EndpointMiddleware|Executing endpoint 'jejames.api.ApiFactura.Controllers.AuthController.Register (jejames.api.ApiFactura)' 
2024-10-14 00:58:53.8054|INFO|Microsoft.AspNetCore.Mvc.Infrastructure.ControllerActionInvoker|Route matched with {action = "Register", controller = "Auth"}. Executing controller action with signature System.Threading.Tasks.Task`1[Microsoft.AspNetCore.Mvc.IActionResult] Register(jejames.api.ApiFactura.DTOs.RegisterDto) on controller jejames.api.ApiFactura.Controllers.AuthController (jejames.api.ApiFactura). 
2024-10-14 00:58:56.7258|ERROR|jejames.api.ApiFactura.Controllers.AuthController|Error al registrar el usuario: juanperez Npgsql.NpgsqlException (0x80004005): Failed to connect to 192.168.0.110:5432
 ---> System.Net.Sockets.SocketException (10061): No connection could be made because the target machine actively refused it.
   at System.Net.Sockets.Socket.AwaitableSocketAsyncEventArgs.ThrowException(SocketError error, CancellationToken cancellationToken)
   at System.Net.Sockets.Socket.AwaitableSocketAsyncEventArgs.System.Threading.Tasks.Sources.IValueTaskSource.GetResult(Int16 token)
   at System.Net.Sockets.Socket.<ConnectAsync>g__WaitForConnectWithCancellation|285_0(AwaitableSocketAsyncEventArgs saea, ValueTask connectTask, CancellationToken cancellationToken)
   at Npgsql.TaskTimeoutAndCancellation.ExecuteAsync(Func`2 getTaskFunc, NpgsqlTimeout timeout, CancellationToken cancellationToken)
   at Npgsql.Internal.NpgsqlConnector.ConnectAsync(NpgsqlTimeout timeout, CancellationToken cancellationToken)
   at Npgsql.Internal.NpgsqlConnector.ConnectAsync(NpgsqlTimeout timeout, CancellationToken cancellationToken)
   at Npgsql.Internal.NpgsqlConnector.RawOpen(SslMode sslMode, NpgsqlTimeout timeout, Boolean async, CancellationToken cancellationToken, Boolean isFirstAttempt)
   at Npgsql.Internal.NpgsqlConnector.<Open>g__OpenCore|213_1(NpgsqlConnector conn, SslMode sslMode, NpgsqlTimeout timeout, Boolean async, CancellationToken cancellationToken, Boolean isFirstAttempt)
   at Npgsql.Internal.NpgsqlConnector.Open(NpgsqlTimeout timeout, Boolean async, CancellationToken cancellationToken)
   at Npgsql.PoolingDataSource.OpenNewConnector(NpgsqlConnection conn, NpgsqlTimeout timeout, Boolean async, CancellationToken cancellationToken)
   at Npgsql.PoolingDataSource.<Get>g__RentAsync|33_0(NpgsqlConnection conn, NpgsqlTimeout timeout, Boolean async, CancellationToken cancellationToken)
   at Npgsql.NpgsqlConnection.<Open>g__OpenAsync|42_0(Boolean async, CancellationToken cancellationToken)
   at jejames.api.ApiFactura.Repositories.UserRepository.RegisterAsync(String username, String email, String password) in C:\Users\miban\OneDrive\Documents\project\JeJaimes\Applications\Api\jejames.api.ApiFactura\Repositories\UserRepository.cs:line 63
   at jejames.api.ApiFactura.Services.UserService.RegisterAsync(RegisterDto registerDto) in C:\Users\miban\OneDrive\Documents\project\JeJaimes\Applications\Api\jejames.api.ApiFactura\Services\UserService.cs:line 33
   at jejames.api.ApiFactura.Controllers.AuthController.Register(RegisterDto registerDto) in C:\Users\miban\OneDrive\Documents\project\JeJaimes\Applications\Api\jejames.api.ApiFactura\Controllers\AuthController.cs:line 37
2024-10-14 00:58:56.7754|INFO|Microsoft.AspNetCore.Mvc.Infrastructure.ObjectResultExecutor|Executing ObjectResult, writing value of type '<>f__AnonymousType0`1[[System.String, System.Private.CoreLib, Version=8.0.0.0, Culture=neutral, PublicKeyToken=7cec85d7bea7798e]]'. 
2024-10-14 00:58:56.7969|INFO|Microsoft.AspNetCore.Mvc.Infrastructure.ControllerActionInvoker|Executed action jejames.api.ApiFactura.Controllers.AuthController.Register (jejames.api.ApiFactura) in 2982.3386ms 
2024-10-14 00:58:56.7987|INFO|Microsoft.AspNetCore.Routing.EndpointMiddleware|Executed endpoint 'jejames.api.ApiFactura.Controllers.AuthController.Register (jejames.api.ApiFactura)' 
2024-10-14 00:58:56.7987|INFO|Microsoft.AspNetCore.Hosting.Diagnostics|Request finished HTTP/1.1 POST http://localhost:5011/api/auth/register - 500 - application/json;+charset=utf-8 3121.1498ms 
2024-10-14 11:37:28.7548|INFO|Microsoft.Hosting.Lifetime|Application is shutting down... 
2024-10-14 11:37:41.2565|INFO|Microsoft.AspNetCore.DataProtection.KeyManagement.XmlKeyManager|User profile is available. Using 'C:\Users\miban\AppData\Local\ASP.NET\DataProtection-Keys' as key repository and Windows DPAPI to encrypt keys at rest. 
2024-10-14 11:37:41.4025|INFO|Microsoft.Hosting.Lifetime|Now listening on: http://localhost:5011 
2024-10-14 11:37:41.4025|INFO|Microsoft.Hosting.Lifetime|Application started. Press Ctrl+C to shut down. 
2024-10-14 11:37:41.4025|INFO|Microsoft.Hosting.Lifetime|Hosting environment: Development 
2024-10-14 11:37:41.4025|INFO|Microsoft.Hosting.Lifetime|Content root path: C:\Users\miban\OneDrive\Documents\project\JeJaimes\Applications\Api\jejames.api.ApiFactura 
2024-10-14 11:37:49.2565|INFO|Microsoft.AspNetCore.Hosting.Diagnostics|Request starting HTTP/1.1 POST http://localhost:5011/api/auth/register - application/json 119 
2024-10-14 11:37:49.3633|INFO|Microsoft.AspNetCore.Routing.EndpointMiddleware|Executing endpoint 'jejames.api.ApiFactura.Controllers.AuthController.Register (jejames.api.ApiFactura)' 
2024-10-14 11:37:49.4105|INFO|Microsoft.AspNetCore.Mvc.Infrastructure.ControllerActionInvoker|Route matched with {action = "Register", controller = "Auth"}. Executing controller action with signature System.Threading.Tasks.Task`1[Microsoft.AspNetCore.Mvc.IActionResult] Register(jejames.api.ApiFactura.DTOs.RegisterDto) on controller jejames.api.ApiFactura.Controllers.AuthController (jejames.api.ApiFactura). 
2024-10-14 11:37:50.3716|ERROR|jejames.api.ApiFactura.Controllers.AuthController|Error al registrar el usuario: juanperez Npgsql.PostgresException (0x80004005): 42703: column "correo_electronico" of relation "users" does not exist

POSITION: 30
   at Npgsql.Internal.NpgsqlConnector.ReadMessageLong(Boolean async, DataRowLoadingMode dataRowLoadingMode, Boolean readingNotifications, Boolean isReadingPrependedMessage)
   at System.Runtime.CompilerServices.PoolingAsyncValueTaskMethodBuilder`1.StateMachineBox`1.System.Threading.Tasks.Sources.IValueTaskSource<TResult>.GetResult(Int16 token)
   at Npgsql.NpgsqlDataReader.NextResult(Boolean async, Boolean isConsuming, CancellationToken cancellationToken)
   at Npgsql.NpgsqlDataReader.NextResult(Boolean async, Boolean isConsuming, CancellationToken cancellationToken)
   at Npgsql.NpgsqlCommand.ExecuteReader(Boolean async, CommandBehavior behavior, CancellationToken cancellationToken)
   at Npgsql.NpgsqlCommand.ExecuteReader(Boolean async, CommandBehavior behavior, CancellationToken cancellationToken)
   at Npgsql.NpgsqlCommand.ExecuteNonQuery(Boolean async, CancellationToken cancellationToken)
   at jejames.api.ApiFactura.Repositories.UserRepository.RegisterAsync(String username, String email, String password) in C:\Users\miban\OneDrive\Documents\project\JeJaimes\Applications\Api\jejames.api.ApiFactura\Repositories\UserRepository.cs:line 74
   at jejames.api.ApiFactura.Services.UserService.RegisterAsync(RegisterDto registerDto) in C:\Users\miban\OneDrive\Documents\project\JeJaimes\Applications\Api\jejames.api.ApiFactura\Services\UserService.cs:line 33
   at jejames.api.ApiFactura.Controllers.AuthController.Register(RegisterDto registerDto) in C:\Users\miban\OneDrive\Documents\project\JeJaimes\Applications\Api\jejames.api.ApiFactura\Controllers\AuthController.cs:line 37
  Exception data:
    Severity: ERROR
    SqlState: 42703
    MessageText: column "correo_electronico" of relation "users" does not exist
    Position: 30
    File: parse_target.c
    Line: 1065
    Routine: checkInsertTargets
2024-10-14 11:37:50.4271|INFO|Microsoft.AspNetCore.Mvc.Infrastructure.ObjectResultExecutor|Executing ObjectResult, writing value of type '<>f__AnonymousType0`1[[System.String, System.Private.CoreLib, Version=8.0.0.0, Culture=neutral, PublicKeyToken=7cec85d7bea7798e]]'. 
2024-10-14 11:37:50.4528|INFO|Microsoft.AspNetCore.Mvc.Infrastructure.ControllerActionInvoker|Executed action jejames.api.ApiFactura.Controllers.AuthController.Register (jejames.api.ApiFactura) in 1029.646ms 
2024-10-14 11:37:50.4528|INFO|Microsoft.AspNetCore.Routing.EndpointMiddleware|Executed endpoint 'jejames.api.ApiFactura.Controllers.AuthController.Register (jejames.api.ApiFactura)' 
2024-10-14 11:37:50.4604|INFO|Microsoft.AspNetCore.Hosting.Diagnostics|Request finished HTTP/1.1 POST http://localhost:5011/api/auth/register - 500 - application/json;+charset=utf-8 1205.8400ms 
2024-10-14 11:57:10.8078|INFO|Microsoft.AspNetCore.Hosting.Diagnostics|Request starting HTTP/1.1 POST http://localhost:5011/api/auth/register - application/json 119 
2024-10-14 11:57:10.8154|INFO|Microsoft.AspNetCore.Routing.EndpointMiddleware|Executing endpoint 'jejames.api.ApiFactura.Controllers.AuthController.Register (jejames.api.ApiFactura)' 
2024-10-14 11:57:10.8154|INFO|Microsoft.AspNetCore.Mvc.Infrastructure.ControllerActionInvoker|Route matched with {action = "Register", controller = "Auth"}. Executing controller action with signature System.Threading.Tasks.Task`1[Microsoft.AspNetCore.Mvc.IActionResult] Register(jejames.api.ApiFactura.DTOs.RegisterDto) on controller jejames.api.ApiFactura.Controllers.AuthController (jejames.api.ApiFactura). 
2024-10-14 11:57:11.0745|ERROR|jejames.api.ApiFactura.Controllers.AuthController|Error al registrar el usuario: juanperez Npgsql.PostgresException (0x80004005): 42703: column "correo_electronico" of relation "users" does not exist

POSITION: 30
   at Npgsql.Internal.NpgsqlConnector.ReadMessageLong(Boolean async, DataRowLoadingMode dataRowLoadingMode, Boolean readingNotifications, Boolean isReadingPrependedMessage)
   at System.Runtime.CompilerServices.PoolingAsyncValueTaskMethodBuilder`1.StateMachineBox`1.System.Threading.Tasks.Sources.IValueTaskSource<TResult>.GetResult(Int16 token)
   at Npgsql.NpgsqlDataReader.NextResult(Boolean async, Boolean isConsuming, CancellationToken cancellationToken)
   at Npgsql.NpgsqlDataReader.NextResult(Boolean async, Boolean isConsuming, CancellationToken cancellationToken)
   at Npgsql.NpgsqlCommand.ExecuteReader(Boolean async, CommandBehavior behavior, CancellationToken cancellationToken)
   at Npgsql.NpgsqlCommand.ExecuteReader(Boolean async, CommandBehavior behavior, CancellationToken cancellationToken)
   at Npgsql.NpgsqlCommand.ExecuteNonQuery(Boolean async, CancellationToken cancellationToken)
   at jejames.api.ApiFactura.Repositories.UserRepository.RegisterAsync(String username, String email, String password) in C:\Users\miban\OneDrive\Documents\project\JeJaimes\Applications\Api\jejames.api.ApiFactura\Repositories\UserRepository.cs:line 74
   at jejames.api.ApiFactura.Services.UserService.RegisterAsync(RegisterDto registerDto) in C:\Users\miban\OneDrive\Documents\project\JeJaimes\Applications\Api\jejames.api.ApiFactura\Services\UserService.cs:line 33
   at jejames.api.ApiFactura.Controllers.AuthController.Register(RegisterDto registerDto) in C:\Users\miban\OneDrive\Documents\project\JeJaimes\Applications\Api\jejames.api.ApiFactura\Controllers\AuthController.cs:line 37
  Exception data:
    Severity: ERROR
    SqlState: 42703
    MessageText: column "correo_electronico" of relation "users" does not exist
    Position: 30
    File: parse_target.c
    Line: 1065
    Routine: checkInsertTargets
2024-10-14 11:57:11.1199|INFO|Microsoft.AspNetCore.Mvc.Infrastructure.ObjectResultExecutor|Executing ObjectResult, writing value of type '<>f__AnonymousType0`1[[System.String, System.Private.CoreLib, Version=8.0.0.0, Culture=neutral, PublicKeyToken=7cec85d7bea7798e]]'. 
2024-10-14 11:57:11.1199|INFO|Microsoft.AspNetCore.Mvc.Infrastructure.ControllerActionInvoker|Executed action jejames.api.ApiFactura.Controllers.AuthController.Register (jejames.api.ApiFactura) in 300.6725ms 
2024-10-14 11:57:11.1199|INFO|Microsoft.AspNetCore.Routing.EndpointMiddleware|Executed endpoint 'jejames.api.ApiFactura.Controllers.AuthController.Register (jejames.api.ApiFactura)' 
2024-10-14 11:57:11.1199|INFO|Microsoft.AspNetCore.Hosting.Diagnostics|Request finished HTTP/1.1 POST http://localhost:5011/api/auth/register - 500 - application/json;+charset=utf-8 315.9942ms 
2024-10-14 11:57:25.5629|INFO|Microsoft.Hosting.Lifetime|Application is shutting down... 
2024-10-14 11:57:31.9467|INFO|Microsoft.AspNetCore.DataProtection.KeyManagement.XmlKeyManager|User profile is available. Using 'C:\Users\miban\AppData\Local\ASP.NET\DataProtection-Keys' as key repository and Windows DPAPI to encrypt keys at rest. 
2024-10-14 11:57:32.0712|INFO|Microsoft.Hosting.Lifetime|Now listening on: http://localhost:5011 
2024-10-14 11:57:32.0712|INFO|Microsoft.Hosting.Lifetime|Application started. Press Ctrl+C to shut down. 
2024-10-14 11:57:32.0712|INFO|Microsoft.Hosting.Lifetime|Hosting environment: Development 
2024-10-14 11:57:32.0712|INFO|Microsoft.Hosting.Lifetime|Content root path: C:\Users\miban\OneDrive\Documents\project\JeJaimes\Applications\Api\jejames.api.ApiFactura 
2024-10-14 11:57:39.0896|INFO|Microsoft.AspNetCore.Hosting.Diagnostics|Request starting HTTP/1.1 POST http://localhost:5011/api/auth/register - application/json 119 
2024-10-14 11:57:39.1748|INFO|Microsoft.AspNetCore.Routing.EndpointMiddleware|Executing endpoint 'jejames.api.ApiFactura.Controllers.AuthController.Register (jejames.api.ApiFactura)' 
2024-10-14 11:57:39.2036|INFO|Microsoft.AspNetCore.Mvc.Infrastructure.ControllerActionInvoker|Route matched with {action = "Register", controller = "Auth"}. Executing controller action with signature System.Threading.Tasks.Task`1[Microsoft.AspNetCore.Mvc.IActionResult] Register(jejames.api.ApiFactura.DTOs.RegisterDto) on controller jejames.api.ApiFactura.Controllers.AuthController (jejames.api.ApiFactura). 
2024-10-14 11:57:40.1357|ERROR|jejames.api.ApiFactura.Controllers.AuthController|Error al registrar el usuario: juanperez Npgsql.PostgresException (0x80004005): 42703: column "correo_electronico" of relation "users" does not exist

POSITION: 30
   at Npgsql.Internal.NpgsqlConnector.ReadMessageLong(Boolean async, DataRowLoadingMode dataRowLoadingMode, Boolean readingNotifications, Boolean isReadingPrependedMessage)
   at System.Runtime.CompilerServices.PoolingAsyncValueTaskMethodBuilder`1.StateMachineBox`1.System.Threading.Tasks.Sources.IValueTaskSource<TResult>.GetResult(Int16 token)
   at Npgsql.NpgsqlDataReader.NextResult(Boolean async, Boolean isConsuming, CancellationToken cancellationToken)
   at Npgsql.NpgsqlDataReader.NextResult(Boolean async, Boolean isConsuming, CancellationToken cancellationToken)
   at Npgsql.NpgsqlCommand.ExecuteReader(Boolean async, CommandBehavior behavior, CancellationToken cancellationToken)
   at Npgsql.NpgsqlCommand.ExecuteReader(Boolean async, CommandBehavior behavior, CancellationToken cancellationToken)
   at Npgsql.NpgsqlCommand.ExecuteNonQuery(Boolean async, CancellationToken cancellationToken)
   at jejames.api.ApiFactura.Repositories.UserRepository.RegisterAsync(String username, String email, String password) in C:\Users\miban\OneDrive\Documents\project\JeJaimes\Applications\Api\jejames.api.ApiFactura\Repositories\UserRepository.cs:line 74
   at jejames.api.ApiFactura.Services.UserService.RegisterAsync(RegisterDto registerDto) in C:\Users\miban\OneDrive\Documents\project\JeJaimes\Applications\Api\jejames.api.ApiFactura\Services\UserService.cs:line 33
   at jejames.api.ApiFactura.Controllers.AuthController.Register(RegisterDto registerDto) in C:\Users\miban\OneDrive\Documents\project\JeJaimes\Applications\Api\jejames.api.ApiFactura\Controllers\AuthController.cs:line 37
  Exception data:
    Severity: ERROR
    SqlState: 42703
    MessageText: column "correo_electronico" of relation "users" does not exist
    Position: 30
    File: parse_target.c
    Line: 1065
    Routine: checkInsertTargets
2024-10-14 11:57:40.1832|INFO|Microsoft.AspNetCore.Mvc.Infrastructure.ObjectResultExecutor|Executing ObjectResult, writing value of type '<>f__AnonymousType0`1[[System.String, System.Private.CoreLib, Version=8.0.0.0, Culture=neutral, PublicKeyToken=7cec85d7bea7798e]]'. 
2024-10-14 11:57:40.2131|INFO|Microsoft.AspNetCore.Mvc.Infrastructure.ControllerActionInvoker|Executed action jejames.api.ApiFactura.Controllers.AuthController.Register (jejames.api.ApiFactura) in 993.5013ms 
2024-10-14 11:57:40.2131|INFO|Microsoft.AspNetCore.Routing.EndpointMiddleware|Executed endpoint 'jejames.api.ApiFactura.Controllers.AuthController.Register (jejames.api.ApiFactura)' 
2024-10-14 11:57:40.2131|INFO|Microsoft.AspNetCore.Hosting.Diagnostics|Request finished HTTP/1.1 POST http://localhost:5011/api/auth/register - 500 - application/json;+charset=utf-8 1130.0227ms 
2024-10-14 12:01:20.2405|INFO|Microsoft.AspNetCore.Hosting.Diagnostics|Request starting HTTP/1.1 POST http://localhost:5011/api/auth/register - application/json 119 
2024-10-14 12:01:20.2405|INFO|Microsoft.AspNetCore.Routing.EndpointMiddleware|Executing endpoint 'jejames.api.ApiFactura.Controllers.AuthController.Register (jejames.api.ApiFactura)' 
2024-10-14 12:01:20.2405|INFO|Microsoft.AspNetCore.Mvc.Infrastructure.ControllerActionInvoker|Route matched with {action = "Register", controller = "Auth"}. Executing controller action with signature System.Threading.Tasks.Task`1[Microsoft.AspNetCore.Mvc.IActionResult] Register(jejames.api.ApiFactura.DTOs.RegisterDto) on controller jejames.api.ApiFactura.Controllers.AuthController (jejames.api.ApiFactura). 
2024-10-14 12:01:20.4355|ERROR|jejames.api.ApiFactura.Controllers.AuthController|Error al registrar el usuario: juanperez Npgsql.PostgresException (0x80004005): 42703: column "correo_electronico" of relation "users" does not exist

POSITION: 30
   at Npgsql.Internal.NpgsqlConnector.ReadMessageLong(Boolean async, DataRowLoadingMode dataRowLoadingMode, Boolean readingNotifications, Boolean isReadingPrependedMessage)
   at System.Runtime.CompilerServices.PoolingAsyncValueTaskMethodBuilder`1.StateMachineBox`1.System.Threading.Tasks.Sources.IValueTaskSource<TResult>.GetResult(Int16 token)
   at Npgsql.NpgsqlDataReader.NextResult(Boolean async, Boolean isConsuming, CancellationToken cancellationToken)
   at Npgsql.NpgsqlDataReader.NextResult(Boolean async, Boolean isConsuming, CancellationToken cancellationToken)
   at Npgsql.NpgsqlCommand.ExecuteReader(Boolean async, CommandBehavior behavior, CancellationToken cancellationToken)
   at Npgsql.NpgsqlCommand.ExecuteReader(Boolean async, CommandBehavior behavior, CancellationToken cancellationToken)
   at Npgsql.NpgsqlCommand.ExecuteNonQuery(Boolean async, CancellationToken cancellationToken)
   at jejames.api.ApiFactura.Repositories.UserRepository.RegisterAsync(String username, String email, String password) in C:\Users\miban\OneDrive\Documents\project\JeJaimes\Applications\Api\jejames.api.ApiFactura\Repositories\UserRepository.cs:line 74
   at jejames.api.ApiFactura.Services.UserService.RegisterAsync(RegisterDto registerDto) in C:\Users\miban\OneDrive\Documents\project\JeJaimes\Applications\Api\jejames.api.ApiFactura\Services\UserService.cs:line 33
   at jejames.api.ApiFactura.Controllers.AuthController.Register(RegisterDto registerDto) in C:\Users\miban\OneDrive\Documents\project\JeJaimes\Applications\Api\jejames.api.ApiFactura\Controllers\AuthController.cs:line 37
  Exception data:
    Severity: ERROR
    SqlState: 42703
    MessageText: column "correo_electronico" of relation "users" does not exist
    Position: 30
    File: parse_target.c
    Line: 1065
    Routine: checkInsertTargets
2024-10-14 12:01:20.4458|INFO|Microsoft.AspNetCore.Mvc.Infrastructure.ObjectResultExecutor|Executing ObjectResult, writing value of type '<>f__AnonymousType0`1[[System.String, System.Private.CoreLib, Version=8.0.0.0, Culture=neutral, PublicKeyToken=7cec85d7bea7798e]]'. 
2024-10-14 12:01:20.4458|INFO|Microsoft.AspNetCore.Mvc.Infrastructure.ControllerActionInvoker|Executed action jejames.api.ApiFactura.Controllers.AuthController.Register (jejames.api.ApiFactura) in 198.3365ms 
2024-10-14 12:01:20.4458|INFO|Microsoft.AspNetCore.Routing.EndpointMiddleware|Executed endpoint 'jejames.api.ApiFactura.Controllers.AuthController.Register (jejames.api.ApiFactura)' 
2024-10-14 12:01:20.4458|INFO|Microsoft.AspNetCore.Hosting.Diagnostics|Request finished HTTP/1.1 POST http://localhost:5011/api/auth/register - 500 - application/json;+charset=utf-8 208.7673ms 
2024-10-14 12:06:10.1056|INFO|Microsoft.Hosting.Lifetime|Application is shutting down... 
2024-10-14 12:06:23.4905|INFO|Microsoft.AspNetCore.DataProtection.KeyManagement.XmlKeyManager|User profile is available. Using 'C:\Users\miban\AppData\Local\ASP.NET\DataProtection-Keys' as key repository and Windows DPAPI to encrypt keys at rest. 
2024-10-14 12:06:23.6188|INFO|Microsoft.Hosting.Lifetime|Now listening on: http://localhost:5011 
2024-10-14 12:06:23.6188|INFO|Microsoft.Hosting.Lifetime|Application started. Press Ctrl+C to shut down. 
2024-10-14 12:06:23.6188|INFO|Microsoft.Hosting.Lifetime|Hosting environment: Development 
2024-10-14 12:06:23.6188|INFO|Microsoft.Hosting.Lifetime|Content root path: C:\Users\miban\OneDrive\Documents\project\JeJaimes\Applications\Api\jejames.api.ApiFactura 
2024-10-14 12:06:30.9567|INFO|Microsoft.AspNetCore.Hosting.Diagnostics|Request starting HTTP/1.1 POST http://localhost:5011/api/auth/register - application/json 119 
2024-10-14 12:06:31.0363|INFO|Microsoft.AspNetCore.Routing.EndpointMiddleware|Executing endpoint 'jejames.api.ApiFactura.Controllers.AuthController.Register (jejames.api.ApiFactura)' 
2024-10-14 12:06:31.0662|INFO|Microsoft.AspNetCore.Mvc.Infrastructure.ControllerActionInvoker|Route matched with {action = "Register", controller = "Auth"}. Executing controller action with signature System.Threading.Tasks.Task`1[Microsoft.AspNetCore.Mvc.IActionResult] Register(jejames.api.ApiFactura.DTOs.RegisterDto) on controller jejames.api.ApiFactura.Controllers.AuthController (jejames.api.ApiFactura). 
2024-10-14 12:06:31.9706|ERROR|jejames.api.ApiFactura.Controllers.AuthController|Error al registrar el usuario: juanperez Npgsql.PostgresException (0x80004005): 42703: column "correo_electronico" of relation "users" does not exist

POSITION: 30
   at Npgsql.Internal.NpgsqlConnector.ReadMessageLong(Boolean async, DataRowLoadingMode dataRowLoadingMode, Boolean readingNotifications, Boolean isReadingPrependedMessage)
   at System.Runtime.CompilerServices.PoolingAsyncValueTaskMethodBuilder`1.StateMachineBox`1.System.Threading.Tasks.Sources.IValueTaskSource<TResult>.GetResult(Int16 token)
   at Npgsql.NpgsqlDataReader.NextResult(Boolean async, Boolean isConsuming, CancellationToken cancellationToken)
   at Npgsql.NpgsqlDataReader.NextResult(Boolean async, Boolean isConsuming, CancellationToken cancellationToken)
   at Npgsql.NpgsqlCommand.ExecuteReader(Boolean async, CommandBehavior behavior, CancellationToken cancellationToken)
   at Npgsql.NpgsqlCommand.ExecuteReader(Boolean async, CommandBehavior behavior, CancellationToken cancellationToken)
   at Npgsql.NpgsqlCommand.ExecuteNonQuery(Boolean async, CancellationToken cancellationToken)
   at jejames.api.ApiFactura.Repositories.UserRepository.InsertUser(String username, String email, String hashedPassword) in C:\Users\miban\OneDrive\Documents\project\JeJaimes\Applications\Api\jejames.api.ApiFactura\Repositories\UserRepository.cs:line 85
   at jejames.api.ApiFactura.Repositories.UserRepository.RegisterAsync(String username, String email, String password) in C:\Users\miban\OneDrive\Documents\project\JeJaimes\Applications\Api\jejames.api.ApiFactura\Repositories\UserRepository.cs:line 33
   at jejames.api.ApiFactura.Services.UserService.RegisterAsync(RegisterDto registerDto) in C:\Users\miban\OneDrive\Documents\project\JeJaimes\Applications\Api\jejames.api.ApiFactura\Services\UserService.cs:line 33
   at jejames.api.ApiFactura.Controllers.AuthController.Register(RegisterDto registerDto) in C:\Users\miban\OneDrive\Documents\project\JeJaimes\Applications\Api\jejames.api.ApiFactura\Controllers\AuthController.cs:line 37
  Exception data:
    Severity: ERROR
    SqlState: 42703
    MessageText: column "correo_electronico" of relation "users" does not exist
    Position: 30
    File: parse_target.c
    Line: 1065
    Routine: checkInsertTargets
2024-10-14 12:06:32.0495|INFO|Microsoft.AspNetCore.Mvc.Infrastructure.ObjectResultExecutor|Executing ObjectResult, writing value of type '<>f__AnonymousType0`1[[System.String, System.Private.CoreLib, Version=8.0.0.0, Culture=neutral, PublicKeyToken=7cec85d7bea7798e]]'. 
2024-10-14 12:06:32.0716|INFO|Microsoft.AspNetCore.Mvc.Infrastructure.ControllerActionInvoker|Executed action jejames.api.ApiFactura.Controllers.AuthController.Register (jejames.api.ApiFactura) in 995.3013ms 
2024-10-14 12:06:32.0716|INFO|Microsoft.AspNetCore.Routing.EndpointMiddleware|Executed endpoint 'jejames.api.ApiFactura.Controllers.AuthController.Register (jejames.api.ApiFactura)' 
2024-10-14 12:06:32.0798|INFO|Microsoft.AspNetCore.Hosting.Diagnostics|Request finished HTTP/1.1 POST http://localhost:5011/api/auth/register - 500 - application/json;+charset=utf-8 1123.1068ms 
2024-10-14 12:07:51.5099|INFO|Microsoft.Hosting.Lifetime|Application is shutting down... 
2024-10-14 12:08:04.2622|INFO|Microsoft.AspNetCore.DataProtection.KeyManagement.XmlKeyManager|User profile is available. Using 'C:\Users\miban\AppData\Local\ASP.NET\DataProtection-Keys' as key repository and Windows DPAPI to encrypt keys at rest. 
2024-10-14 12:08:04.4018|INFO|Microsoft.Hosting.Lifetime|Now listening on: http://localhost:5011 
2024-10-14 12:08:04.4018|INFO|Microsoft.Hosting.Lifetime|Application started. Press Ctrl+C to shut down. 
2024-10-14 12:08:04.4018|INFO|Microsoft.Hosting.Lifetime|Hosting environment: Development 
2024-10-14 12:08:04.4018|INFO|Microsoft.Hosting.Lifetime|Content root path: C:\Users\miban\OneDrive\Documents\project\JeJaimes\Applications\Api\jejames.api.ApiFactura 
2024-10-14 12:08:09.0693|INFO|Microsoft.AspNetCore.Hosting.Diagnostics|Request starting HTTP/1.1 POST http://localhost:5011/api/auth/register - application/json 119 
2024-10-14 12:08:09.1673|INFO|Microsoft.AspNetCore.Routing.EndpointMiddleware|Executing endpoint 'jejames.api.ApiFactura.Controllers.AuthController.Register (jejames.api.ApiFactura)' 
2024-10-14 12:08:09.2063|INFO|Microsoft.AspNetCore.Mvc.Infrastructure.ControllerActionInvoker|Route matched with {action = "Register", controller = "Auth"}. Executing controller action with signature System.Threading.Tasks.Task`1[Microsoft.AspNetCore.Mvc.IActionResult] Register(jejames.api.ApiFactura.DTOs.RegisterDto) on controller jejames.api.ApiFactura.Controllers.AuthController (jejames.api.ApiFactura). 
2024-10-14 12:08:10.1741|ERROR|jejames.api.ApiFactura.Controllers.AuthController|Error al registrar el usuario: juanperez Npgsql.PostgresException (0x80004005): 42501: permission denied for table users
   at Npgsql.Internal.NpgsqlConnector.ReadMessageLong(Boolean async, DataRowLoadingMode dataRowLoadingMode, Boolean readingNotifications, Boolean isReadingPrependedMessage)
   at System.Runtime.CompilerServices.PoolingAsyncValueTaskMethodBuilder`1.StateMachineBox`1.System.Threading.Tasks.Sources.IValueTaskSource<TResult>.GetResult(Int16 token)
   at Npgsql.NpgsqlDataReader.NextResult(Boolean async, Boolean isConsuming, CancellationToken cancellationToken)
   at Npgsql.NpgsqlDataReader.NextResult(Boolean async, Boolean isConsuming, CancellationToken cancellationToken)
   at Npgsql.NpgsqlCommand.ExecuteReader(Boolean async, CommandBehavior behavior, CancellationToken cancellationToken)
   at Npgsql.NpgsqlCommand.ExecuteReader(Boolean async, CommandBehavior behavior, CancellationToken cancellationToken)
   at Npgsql.NpgsqlCommand.ExecuteNonQuery(Boolean async, CancellationToken cancellationToken)
   at jejames.api.ApiFactura.Repositories.UserRepository.InsertUser(String username, String email, String hashedPassword) in C:\Users\miban\OneDrive\Documents\project\JeJaimes\Applications\Api\jejames.api.ApiFactura\Repositories\UserRepository.cs:line 87
   at jejames.api.ApiFactura.Repositories.UserRepository.RegisterAsync(String username, String email, String password) in C:\Users\miban\OneDrive\Documents\project\JeJaimes\Applications\Api\jejames.api.ApiFactura\Repositories\UserRepository.cs:line 35
   at jejames.api.ApiFactura.Services.UserService.RegisterAsync(RegisterDto registerDto) in C:\Users\miban\OneDrive\Documents\project\JeJaimes\Applications\Api\jejames.api.ApiFactura\Services\UserService.cs:line 33
   at jejames.api.ApiFactura.Controllers.AuthController.Register(RegisterDto registerDto) in C:\Users\miban\OneDrive\Documents\project\JeJaimes\Applications\Api\jejames.api.ApiFactura\Controllers\AuthController.cs:line 37
  Exception data:
    Severity: ERROR
    SqlState: 42501
    MessageText: permission denied for table users
    File: aclchk.c
    Line: 2838
    Routine: aclcheck_error
2024-10-14 12:08:10.2143|INFO|Microsoft.AspNetCore.Mvc.Infrastructure.ObjectResultExecutor|Executing ObjectResult, writing value of type '<>f__AnonymousType0`1[[System.String, System.Private.CoreLib, Version=8.0.0.0, Culture=neutral, PublicKeyToken=7cec85d7bea7798e]]'. 
2024-10-14 12:08:10.2374|INFO|Microsoft.AspNetCore.Mvc.Infrastructure.ControllerActionInvoker|Executed action jejames.api.ApiFactura.Controllers.AuthController.Register (jejames.api.ApiFactura) in 1019.5131ms 
2024-10-14 12:08:10.2374|INFO|Microsoft.AspNetCore.Routing.EndpointMiddleware|Executed endpoint 'jejames.api.ApiFactura.Controllers.AuthController.Register (jejames.api.ApiFactura)' 
2024-10-14 12:08:10.2374|INFO|Microsoft.AspNetCore.Hosting.Diagnostics|Request finished HTTP/1.1 POST http://localhost:5011/api/auth/register - 500 - application/json;+charset=utf-8 1176.9208ms 
2024-10-14 12:09:49.7854|INFO|Microsoft.AspNetCore.Hosting.Diagnostics|Request starting HTTP/1.1 POST http://localhost:5011/api/auth/register - application/json 119 
2024-10-14 12:09:49.7854|INFO|Microsoft.AspNetCore.Routing.EndpointMiddleware|Executing endpoint 'jejames.api.ApiFactura.Controllers.AuthController.Register (jejames.api.ApiFactura)' 
2024-10-14 12:09:49.7854|INFO|Microsoft.AspNetCore.Mvc.Infrastructure.ControllerActionInvoker|Route matched with {action = "Register", controller = "Auth"}. Executing controller action with signature System.Threading.Tasks.Task`1[Microsoft.AspNetCore.Mvc.IActionResult] Register(jejames.api.ApiFactura.DTOs.RegisterDto) on controller jejames.api.ApiFactura.Controllers.AuthController (jejames.api.ApiFactura). 
2024-10-14 12:09:50.2400|ERROR|jejames.api.ApiFactura.Controllers.AuthController|Error al registrar el usuario: juanperez Npgsql.PostgresException (0x80004005): 42501: permission denied for sequence users_id_seq
   at Npgsql.Internal.NpgsqlConnector.ReadMessageLong(Boolean async, DataRowLoadingMode dataRowLoadingMode, Boolean readingNotifications, Boolean isReadingPrependedMessage)
   at System.Runtime.CompilerServices.PoolingAsyncValueTaskMethodBuilder`1.StateMachineBox`1.System.Threading.Tasks.Sources.IValueTaskSource<TResult>.GetResult(Int16 token)
   at Npgsql.NpgsqlDataReader.NextResult(Boolean async, Boolean isConsuming, CancellationToken cancellationToken)
   at Npgsql.NpgsqlDataReader.NextResult(Boolean async, Boolean isConsuming, CancellationToken cancellationToken)
   at Npgsql.NpgsqlCommand.ExecuteReader(Boolean async, CommandBehavior behavior, CancellationToken cancellationToken)
   at Npgsql.NpgsqlCommand.ExecuteReader(Boolean async, CommandBehavior behavior, CancellationToken cancellationToken)
   at Npgsql.NpgsqlCommand.ExecuteNonQuery(Boolean async, CancellationToken cancellationToken)
   at jejames.api.ApiFactura.Repositories.UserRepository.InsertUser(String username, String email, String hashedPassword) in C:\Users\miban\OneDrive\Documents\project\JeJaimes\Applications\Api\jejames.api.ApiFactura\Repositories\UserRepository.cs:line 87
   at jejames.api.ApiFactura.Repositories.UserRepository.RegisterAsync(String username, String email, String password) in C:\Users\miban\OneDrive\Documents\project\JeJaimes\Applications\Api\jejames.api.ApiFactura\Repositories\UserRepository.cs:line 35
   at jejames.api.ApiFactura.Services.UserService.RegisterAsync(RegisterDto registerDto) in C:\Users\miban\OneDrive\Documents\project\JeJaimes\Applications\Api\jejames.api.ApiFactura\Services\UserService.cs:line 33
   at jejames.api.ApiFactura.Controllers.AuthController.Register(RegisterDto registerDto) in C:\Users\miban\OneDrive\Documents\project\JeJaimes\Applications\Api\jejames.api.ApiFactura\Controllers\AuthController.cs:line 37
  Exception data:
    Severity: ERROR
    SqlState: 42501
    MessageText: permission denied for sequence users_id_seq
    File: sequence.c
    Line: 652
    Routine: nextval_internal
2024-10-14 12:09:50.2400|INFO|Microsoft.AspNetCore.Mvc.Infrastructure.ObjectResultExecutor|Executing ObjectResult, writing value of type '<>f__AnonymousType0`1[[System.String, System.Private.CoreLib, Version=8.0.0.0, Culture=neutral, PublicKeyToken=7cec85d7bea7798e]]'. 
2024-10-14 12:09:50.2400|INFO|Microsoft.AspNetCore.Mvc.Infrastructure.ControllerActionInvoker|Executed action jejames.api.ApiFactura.Controllers.AuthController.Register (jejames.api.ApiFactura) in 455.6309ms 
2024-10-14 12:09:50.2517|INFO|Microsoft.AspNetCore.Routing.EndpointMiddleware|Executed endpoint 'jejames.api.ApiFactura.Controllers.AuthController.Register (jejames.api.ApiFactura)' 
2024-10-14 12:09:50.2517|INFO|Microsoft.AspNetCore.Hosting.Diagnostics|Request finished HTTP/1.1 POST http://localhost:5011/api/auth/register - 500 - application/json;+charset=utf-8 467.1751ms 
2024-10-14 12:11:01.0282|INFO|Microsoft.AspNetCore.Hosting.Diagnostics|Request starting HTTP/1.1 POST http://localhost:5011/api/auth/register - application/json 119 
2024-10-14 12:11:01.0360|INFO|Microsoft.AspNetCore.Routing.EndpointMiddleware|Executing endpoint 'jejames.api.ApiFactura.Controllers.AuthController.Register (jejames.api.ApiFactura)' 
2024-10-14 12:11:01.0360|INFO|Microsoft.AspNetCore.Mvc.Infrastructure.ControllerActionInvoker|Route matched with {action = "Register", controller = "Auth"}. Executing controller action with signature System.Threading.Tasks.Task`1[Microsoft.AspNetCore.Mvc.IActionResult] Register(jejames.api.ApiFactura.DTOs.RegisterDto) on controller jejames.api.ApiFactura.Controllers.AuthController (jejames.api.ApiFactura). 
2024-10-14 12:11:01.4344|INFO|jejames.api.ApiFactura.Controllers.AuthController|Nuevo usuario registrado: juanperez 
2024-10-14 12:11:01.4344|INFO|Microsoft.AspNetCore.Mvc.Infrastructure.ObjectResultExecutor|Executing OkObjectResult, writing value of type '<>f__AnonymousType0`1[[System.String, System.Private.CoreLib, Version=8.0.0.0, Culture=neutral, PublicKeyToken=7cec85d7bea7798e]]'. 
2024-10-14 12:11:01.4344|INFO|Microsoft.AspNetCore.Mvc.Infrastructure.ControllerActionInvoker|Executed action jejames.api.ApiFactura.Controllers.AuthController.Register (jejames.api.ApiFactura) in 399.4862ms 
2024-10-14 12:11:01.4344|INFO|Microsoft.AspNetCore.Routing.EndpointMiddleware|Executed endpoint 'jejames.api.ApiFactura.Controllers.AuthController.Register (jejames.api.ApiFactura)' 
2024-10-14 12:11:01.4344|INFO|Microsoft.AspNetCore.Hosting.Diagnostics|Request finished HTTP/1.1 POST http://localhost:5011/api/auth/register - 200 - application/json;+charset=utf-8 409.8059ms 
2024-10-14 12:12:30.5775|INFO|Microsoft.AspNetCore.Hosting.Diagnostics|Request starting HTTP/1.1 GET http://localhost:5011/swagger/index.html - - - 
2024-10-14 12:12:30.6669|INFO|Microsoft.AspNetCore.Hosting.Diagnostics|Request finished HTTP/1.1 GET http://localhost:5011/swagger/index.html - 200 - text/html;charset=utf-8 89.4226ms 
2024-10-14 12:12:31.0291|INFO|Microsoft.AspNetCore.Hosting.Diagnostics|Request starting HTTP/1.1 GET http://localhost:5011/swagger/v1/swagger.json - - - 
2024-10-14 12:12:31.1915|INFO|Microsoft.AspNetCore.Hosting.Diagnostics|Request finished HTTP/1.1 GET http://localhost:5011/swagger/v1/swagger.json - 200 - application/json;charset=utf-8 162.4177ms 
2024-10-14 12:12:51.2952|INFO|Microsoft.AspNetCore.Hosting.Diagnostics|Request starting HTTP/1.1 POST http://localhost:5011/api/Auth/login - application/json 50 
2024-10-14 12:12:51.3002|INFO|Microsoft.AspNetCore.Cors.Infrastructure.CorsService|CORS policy execution failed. 
2024-10-14 12:12:51.3002|INFO|Microsoft.AspNetCore.Cors.Infrastructure.CorsService|Request origin http://localhost:5011 does not have permission to access the resource. 
2024-10-14 12:12:51.3002|INFO|Microsoft.AspNetCore.Routing.EndpointMiddleware|Executing endpoint 'jejames.api.ApiFactura.Controllers.AuthController.Login (jejames.api.ApiFactura)' 
2024-10-14 12:12:51.3186|INFO|Microsoft.AspNetCore.Mvc.Infrastructure.ControllerActionInvoker|Route matched with {action = "Login", controller = "Auth"}. Executing controller action with signature System.Threading.Tasks.Task`1[Microsoft.AspNetCore.Mvc.IActionResult] Login(jejames.api.ApiFactura.DTOs.LoginDto) on controller jejames.api.ApiFactura.Controllers.AuthController (jejames.api.ApiFactura). 
2024-10-14 12:12:51.3436|WARN|jejames.api.ApiFactura.Controllers.AuthController|Intento de login fallido para el usuario: string 
2024-10-14 12:12:51.3436|INFO|Microsoft.AspNetCore.Mvc.Infrastructure.ObjectResultExecutor|Executing UnauthorizedObjectResult, writing value of type '<>f__AnonymousType0`1[[System.String, System.Private.CoreLib, Version=8.0.0.0, Culture=neutral, PublicKeyToken=7cec85d7bea7798e]]'. 
2024-10-14 12:12:51.3471|INFO|Microsoft.AspNetCore.Mvc.Infrastructure.ControllerActionInvoker|Executed action jejames.api.ApiFactura.Controllers.AuthController.Login (jejames.api.ApiFactura) in 27.202ms 
2024-10-14 12:12:51.3471|INFO|Microsoft.AspNetCore.Routing.EndpointMiddleware|Executed endpoint 'jejames.api.ApiFactura.Controllers.AuthController.Login (jejames.api.ApiFactura)' 
2024-10-14 12:12:51.3471|INFO|Microsoft.AspNetCore.Hosting.Diagnostics|Request finished HTTP/1.1 POST http://localhost:5011/api/Auth/login - 401 - application/json;+charset=utf-8 53.9286ms 
2024-10-14 12:13:28.2344|INFO|Microsoft.AspNetCore.Hosting.Diagnostics|Request starting HTTP/1.1 POST http://localhost:5011/api/Auth/login - application/json 78 
2024-10-14 12:13:28.2344|INFO|Microsoft.AspNetCore.Routing.EndpointMiddleware|Executing endpoint 'jejames.api.ApiFactura.Controllers.AuthController.Login (jejames.api.ApiFactura)' 
2024-10-14 12:13:28.2368|INFO|Microsoft.AspNetCore.Mvc.Infrastructure.ControllerActionInvoker|Route matched with {action = "Login", controller = "Auth"}. Executing controller action with signature System.Threading.Tasks.Task`1[Microsoft.AspNetCore.Mvc.IActionResult] Login(jejames.api.ApiFactura.DTOs.LoginDto) on controller jejames.api.ApiFactura.Controllers.AuthController (jejames.api.ApiFactura). 
2024-10-14 12:13:28.5432|INFO|Microsoft.AspNetCore.Mvc.Infrastructure.ControllerActionInvoker|Executed action jejames.api.ApiFactura.Controllers.AuthController.Login (jejames.api.ApiFactura) in 305.3834ms 
2024-10-14 12:13:28.5432|INFO|Microsoft.AspNetCore.Routing.EndpointMiddleware|Executed endpoint 'jejames.api.ApiFactura.Controllers.AuthController.Login (jejames.api.ApiFactura)' 
2024-10-14 12:13:28.5432|ERROR|jejames.api.ApiFactura.Middleware.ExceptionMiddleware|Ocurrió un error: IDX10720: Unable to create KeyedHashAlgorithm for algorithm 'http://www.w3.org/2001/04/xmldsig-more#hmac-sha256', the key size must be greater than: '256' bits, key has '200' bits. (Parameter 'keyBytes') System.ArgumentOutOfRangeException: IDX10720: Unable to create KeyedHashAlgorithm for algorithm 'http://www.w3.org/2001/04/xmldsig-more#hmac-sha256', the key size must be greater than: '256' bits, key has '200' bits. (Parameter 'keyBytes')
   at Microsoft.IdentityModel.Tokens.CryptoProviderFactory.ValidateKeySize(Byte[] keyBytes, String algorithm, Int32 expectedNumberOfBytes)
   at Microsoft.IdentityModel.Tokens.CryptoProviderFactory.CreateKeyedHashAlgorithm(Byte[] keyBytes, String algorithm)
   at Microsoft.IdentityModel.Tokens.SymmetricSignatureProvider.CreateKeyedHashAlgorithm()
   at Microsoft.IdentityModel.Tokens.DisposableObjectPool`1.CreateInstance()
   at Microsoft.IdentityModel.Tokens.DisposableObjectPool`1.Allocate()
   at Microsoft.IdentityModel.Tokens.SymmetricSignatureProvider.GetKeyedHashAlgorithm(Byte[] keyBytes, String algorithm)
   at Microsoft.IdentityModel.Tokens.SymmetricSignatureProvider.Sign(Byte[] input)
   at Microsoft.IdentityModel.JsonWebTokens.JwtTokenUtilities.CreateEncodedSignature(String input, SigningCredentials signingCredentials)
   at System.IdentityModel.Tokens.Jwt.JwtSecurityTokenHandler.CreateJwtSecurityTokenPrivate(String issuer, String audience, ClaimsIdentity subject, Nullable`1 notBefore, Nullable`1 expires, Nullable`1 issuedAt, SigningCredentials signingCredentials, EncryptingCredentials encryptingCredentials, IDictionary`2 claimCollection, String tokenType, IDictionary`2 additionalHeaderClaims, IDictionary`2 additionalInnerHeaderClaims)
   at System.IdentityModel.Tokens.Jwt.JwtSecurityTokenHandler.CreateToken(SecurityTokenDescriptor tokenDescriptor)
   at jejames.api.ApiFactura.Services.UserService.GenerateJwtTokenAsync(User user) in C:\Users\miban\OneDrive\Documents\project\JeJaimes\Applications\Api\jejames.api.ApiFactura\Services\UserService.cs:line 58
   at jejames.api.ApiFactura.Controllers.AuthController.Login(LoginDto loginDto) in C:\Users\miban\OneDrive\Documents\project\JeJaimes\Applications\Api\jejames.api.ApiFactura\Controllers\AuthController.cs:line 69
   at Microsoft.AspNetCore.Mvc.Infrastructure.ActionMethodExecutor.TaskOfIActionResultExecutor.Execute(ActionContext actionContext, IActionResultTypeMapper mapper, ObjectMethodExecutor executor, Object controller, Object[] arguments)
   at Microsoft.AspNetCore.Mvc.Infrastructure.ControllerActionInvoker.<InvokeActionMethodAsync>g__Awaited|12_0(ControllerActionInvoker invoker, ValueTask`1 actionResultValueTask)
   at Microsoft.AspNetCore.Mvc.Infrastructure.ControllerActionInvoker.<InvokeNextActionFilterAsync>g__Awaited|10_0(ControllerActionInvoker invoker, Task lastTask, State next, Scope scope, Object state, Boolean isCompleted)
   at Microsoft.AspNetCore.Mvc.Infrastructure.ControllerActionInvoker.Rethrow(ActionExecutedContextSealed context)
   at Microsoft.AspNetCore.Mvc.Infrastructure.ControllerActionInvoker.Next(State& next, Scope& scope, Object& state, Boolean& isCompleted)
   at Microsoft.AspNetCore.Mvc.Infrastructure.ControllerActionInvoker.<InvokeInnerFilterAsync>g__Awaited|13_0(ControllerActionInvoker invoker, Task lastTask, State next, Scope scope, Object state, Boolean isCompleted)
   at Microsoft.AspNetCore.Mvc.Infrastructure.ResourceInvoker.<InvokeFilterPipelineAsync>g__Awaited|20_0(ResourceInvoker invoker, Task lastTask, State next, Scope scope, Object state, Boolean isCompleted)
   at Microsoft.AspNetCore.Mvc.Infrastructure.ResourceInvoker.<InvokeAsync>g__Logged|17_1(ResourceInvoker invoker)
   at Microsoft.AspNetCore.Mvc.Infrastructure.ResourceInvoker.<InvokeAsync>g__Logged|17_1(ResourceInvoker invoker)
   at Microsoft.AspNetCore.Routing.EndpointMiddleware.<Invoke>g__AwaitRequestTask|7_0(Endpoint endpoint, Task requestTask, ILogger logger)
   at Microsoft.AspNetCore.Authorization.AuthorizationMiddleware.Invoke(HttpContext context)
   at Microsoft.AspNetCore.Authentication.AuthenticationMiddleware.Invoke(HttpContext context)
   at jejames.api.ApiFactura.Middleware.ExceptionMiddleware.InvokeAsync(HttpContext context) in C:\Users\miban\OneDrive\Documents\project\JeJaimes\Applications\Api\jejames.api.ApiFactura\Middleware\ExceptionMiddleware.cs:line 24
2024-10-14 12:13:28.5669|INFO|Microsoft.AspNetCore.Hosting.Diagnostics|Request finished HTTP/1.1 POST http://localhost:5011/api/Auth/login - 500 - application/json;+charset=utf-8 332.5332ms 
2024-10-14 12:13:47.3548|INFO|Microsoft.AspNetCore.Hosting.Diagnostics|Request starting HTTP/1.1 POST http://localhost:5011/api/Auth/login - application/json 78 
2024-10-14 12:13:47.3548|INFO|Microsoft.AspNetCore.Routing.EndpointMiddleware|Executing endpoint 'jejames.api.ApiFactura.Controllers.AuthController.Login (jejames.api.ApiFactura)' 
2024-10-14 12:13:47.3548|INFO|Microsoft.AspNetCore.Mvc.Infrastructure.ControllerActionInvoker|Route matched with {action = "Login", controller = "Auth"}. Executing controller action with signature System.Threading.Tasks.Task`1[Microsoft.AspNetCore.Mvc.IActionResult] Login(jejames.api.ApiFactura.DTOs.LoginDto) on controller jejames.api.ApiFactura.Controllers.AuthController (jejames.api.ApiFactura). 
2024-10-14 12:13:47.6075|INFO|Microsoft.AspNetCore.Mvc.Infrastructure.ControllerActionInvoker|Executed action jejames.api.ApiFactura.Controllers.AuthController.Login (jejames.api.ApiFactura) in 247.677ms 
2024-10-14 12:13:47.6075|INFO|Microsoft.AspNetCore.Routing.EndpointMiddleware|Executed endpoint 'jejames.api.ApiFactura.Controllers.AuthController.Login (jejames.api.ApiFactura)' 
2024-10-14 12:13:47.6075|ERROR|jejames.api.ApiFactura.Middleware.ExceptionMiddleware|Ocurrió un error: IDX10720: Unable to create KeyedHashAlgorithm for algorithm 'http://www.w3.org/2001/04/xmldsig-more#hmac-sha256', the key size must be greater than: '256' bits, key has '200' bits. (Parameter 'keyBytes') System.ArgumentOutOfRangeException: IDX10720: Unable to create KeyedHashAlgorithm for algorithm 'http://www.w3.org/2001/04/xmldsig-more#hmac-sha256', the key size must be greater than: '256' bits, key has '200' bits. (Parameter 'keyBytes')
   at Microsoft.IdentityModel.Tokens.CryptoProviderFactory.ValidateKeySize(Byte[] keyBytes, String algorithm, Int32 expectedNumberOfBytes)
   at Microsoft.IdentityModel.Tokens.CryptoProviderFactory.CreateKeyedHashAlgorithm(Byte[] keyBytes, String algorithm)
   at Microsoft.IdentityModel.Tokens.SymmetricSignatureProvider.CreateKeyedHashAlgorithm()
   at Microsoft.IdentityModel.Tokens.DisposableObjectPool`1.CreateInstance()
   at Microsoft.IdentityModel.Tokens.DisposableObjectPool`1.Allocate()
   at Microsoft.IdentityModel.Tokens.SymmetricSignatureProvider.GetKeyedHashAlgorithm(Byte[] keyBytes, String algorithm)
   at Microsoft.IdentityModel.Tokens.SymmetricSignatureProvider.Sign(Byte[] input)
   at Microsoft.IdentityModel.JsonWebTokens.JwtTokenUtilities.CreateEncodedSignature(String input, SigningCredentials signingCredentials)
   at System.IdentityModel.Tokens.Jwt.JwtSecurityTokenHandler.CreateJwtSecurityTokenPrivate(String issuer, String audience, ClaimsIdentity subject, Nullable`1 notBefore, Nullable`1 expires, Nullable`1 issuedAt, SigningCredentials signingCredentials, EncryptingCredentials encryptingCredentials, IDictionary`2 claimCollection, String tokenType, IDictionary`2 additionalHeaderClaims, IDictionary`2 additionalInnerHeaderClaims)
   at System.IdentityModel.Tokens.Jwt.JwtSecurityTokenHandler.CreateToken(SecurityTokenDescriptor tokenDescriptor)
   at jejames.api.ApiFactura.Services.UserService.GenerateJwtTokenAsync(User user) in C:\Users\miban\OneDrive\Documents\project\JeJaimes\Applications\Api\jejames.api.ApiFactura\Services\UserService.cs:line 58
   at jejames.api.ApiFactura.Controllers.AuthController.Login(LoginDto loginDto) in C:\Users\miban\OneDrive\Documents\project\JeJaimes\Applications\Api\jejames.api.ApiFactura\Controllers\AuthController.cs:line 69
   at Microsoft.AspNetCore.Mvc.Infrastructure.ActionMethodExecutor.TaskOfIActionResultExecutor.Execute(ActionContext actionContext, IActionResultTypeMapper mapper, ObjectMethodExecutor executor, Object controller, Object[] arguments)
   at Microsoft.AspNetCore.Mvc.Infrastructure.ControllerActionInvoker.<InvokeActionMethodAsync>g__Awaited|12_0(ControllerActionInvoker invoker, ValueTask`1 actionResultValueTask)
   at Microsoft.AspNetCore.Mvc.Infrastructure.ControllerActionInvoker.<InvokeNextActionFilterAsync>g__Awaited|10_0(ControllerActionInvoker invoker, Task lastTask, State next, Scope scope, Object state, Boolean isCompleted)
   at Microsoft.AspNetCore.Mvc.Infrastructure.ControllerActionInvoker.Rethrow(ActionExecutedContextSealed context)
   at Microsoft.AspNetCore.Mvc.Infrastructure.ControllerActionInvoker.Next(State& next, Scope& scope, Object& state, Boolean& isCompleted)
   at Microsoft.AspNetCore.Mvc.Infrastructure.ControllerActionInvoker.<InvokeInnerFilterAsync>g__Awaited|13_0(ControllerActionInvoker invoker, Task lastTask, State next, Scope scope, Object state, Boolean isCompleted)
   at Microsoft.AspNetCore.Mvc.Infrastructure.ResourceInvoker.<InvokeFilterPipelineAsync>g__Awaited|20_0(ResourceInvoker invoker, Task lastTask, State next, Scope scope, Object state, Boolean isCompleted)
   at Microsoft.AspNetCore.Mvc.Infrastructure.ResourceInvoker.<InvokeAsync>g__Logged|17_1(ResourceInvoker invoker)
   at Microsoft.AspNetCore.Mvc.Infrastructure.ResourceInvoker.<InvokeAsync>g__Logged|17_1(ResourceInvoker invoker)
   at Microsoft.AspNetCore.Routing.EndpointMiddleware.<Invoke>g__AwaitRequestTask|7_0(Endpoint endpoint, Task requestTask, ILogger logger)
   at Microsoft.AspNetCore.Authorization.AuthorizationMiddleware.Invoke(HttpContext context)
   at Microsoft.AspNetCore.Authentication.AuthenticationMiddleware.Invoke(HttpContext context)
   at jejames.api.ApiFactura.Middleware.ExceptionMiddleware.InvokeAsync(HttpContext context) in C:\Users\miban\OneDrive\Documents\project\JeJaimes\Applications\Api\jejames.api.ApiFactura\Middleware\ExceptionMiddleware.cs:line 24
2024-10-14 12:13:47.6222|INFO|Microsoft.AspNetCore.Hosting.Diagnostics|Request finished HTTP/1.1 POST http://localhost:5011/api/Auth/login - 500 - application/json;+charset=utf-8 267.3678ms 
2024-10-14 12:14:17.4314|INFO|Microsoft.AspNetCore.Hosting.Diagnostics|Request starting HTTP/1.1 POST http://localhost:5011/api/Auth/login - application/json 78 
2024-10-14 12:14:17.4314|INFO|Microsoft.AspNetCore.Routing.EndpointMiddleware|Executing endpoint 'jejames.api.ApiFactura.Controllers.AuthController.Login (jejames.api.ApiFactura)' 
2024-10-14 12:14:17.4314|INFO|Microsoft.AspNetCore.Mvc.Infrastructure.ControllerActionInvoker|Route matched with {action = "Login", controller = "Auth"}. Executing controller action with signature System.Threading.Tasks.Task`1[Microsoft.AspNetCore.Mvc.IActionResult] Login(jejames.api.ApiFactura.DTOs.LoginDto) on controller jejames.api.ApiFactura.Controllers.AuthController (jejames.api.ApiFactura). 
2024-10-14 12:14:17.6563|INFO|Microsoft.AspNetCore.Mvc.Infrastructure.ControllerActionInvoker|Executed action jejames.api.ApiFactura.Controllers.AuthController.Login (jejames.api.ApiFactura) in 220.4659ms 
2024-10-14 12:14:17.6563|INFO|Microsoft.AspNetCore.Routing.EndpointMiddleware|Executed endpoint 'jejames.api.ApiFactura.Controllers.AuthController.Login (jejames.api.ApiFactura)' 
2024-10-14 12:14:17.6563|ERROR|jejames.api.ApiFactura.Middleware.ExceptionMiddleware|Ocurrió un error: IDX10720: Unable to create KeyedHashAlgorithm for algorithm 'http://www.w3.org/2001/04/xmldsig-more#hmac-sha256', the key size must be greater than: '256' bits, key has '200' bits. (Parameter 'keyBytes') System.ArgumentOutOfRangeException: IDX10720: Unable to create KeyedHashAlgorithm for algorithm 'http://www.w3.org/2001/04/xmldsig-more#hmac-sha256', the key size must be greater than: '256' bits, key has '200' bits. (Parameter 'keyBytes')
   at Microsoft.IdentityModel.Tokens.CryptoProviderFactory.ValidateKeySize(Byte[] keyBytes, String algorithm, Int32 expectedNumberOfBytes)
   at Microsoft.IdentityModel.Tokens.CryptoProviderFactory.CreateKeyedHashAlgorithm(Byte[] keyBytes, String algorithm)
   at Microsoft.IdentityModel.Tokens.SymmetricSignatureProvider.CreateKeyedHashAlgorithm()
   at Microsoft.IdentityModel.Tokens.DisposableObjectPool`1.CreateInstance()
   at Microsoft.IdentityModel.Tokens.DisposableObjectPool`1.Allocate()
   at Microsoft.IdentityModel.Tokens.SymmetricSignatureProvider.GetKeyedHashAlgorithm(Byte[] keyBytes, String algorithm)
   at Microsoft.IdentityModel.Tokens.SymmetricSignatureProvider.Sign(Byte[] input)
   at Microsoft.IdentityModel.JsonWebTokens.JwtTokenUtilities.CreateEncodedSignature(String input, SigningCredentials signingCredentials)
   at System.IdentityModel.Tokens.Jwt.JwtSecurityTokenHandler.CreateJwtSecurityTokenPrivate(String issuer, String audience, ClaimsIdentity subject, Nullable`1 notBefore, Nullable`1 expires, Nullable`1 issuedAt, SigningCredentials signingCredentials, EncryptingCredentials encryptingCredentials, IDictionary`2 claimCollection, String tokenType, IDictionary`2 additionalHeaderClaims, IDictionary`2 additionalInnerHeaderClaims)
   at System.IdentityModel.Tokens.Jwt.JwtSecurityTokenHandler.CreateToken(SecurityTokenDescriptor tokenDescriptor)
   at jejames.api.ApiFactura.Services.UserService.GenerateJwtTokenAsync(User user) in C:\Users\miban\OneDrive\Documents\project\JeJaimes\Applications\Api\jejames.api.ApiFactura\Services\UserService.cs:line 58
   at jejames.api.ApiFactura.Controllers.AuthController.Login(LoginDto loginDto) in C:\Users\miban\OneDrive\Documents\project\JeJaimes\Applications\Api\jejames.api.ApiFactura\Controllers\AuthController.cs:line 69
   at Microsoft.AspNetCore.Mvc.Infrastructure.ActionMethodExecutor.TaskOfIActionResultExecutor.Execute(ActionContext actionContext, IActionResultTypeMapper mapper, ObjectMethodExecutor executor, Object controller, Object[] arguments)
   at Microsoft.AspNetCore.Mvc.Infrastructure.ControllerActionInvoker.<InvokeActionMethodAsync>g__Awaited|12_0(ControllerActionInvoker invoker, ValueTask`1 actionResultValueTask)
   at Microsoft.AspNetCore.Mvc.Infrastructure.ControllerActionInvoker.<InvokeNextActionFilterAsync>g__Awaited|10_0(ControllerActionInvoker invoker, Task lastTask, State next, Scope scope, Object state, Boolean isCompleted)
   at Microsoft.AspNetCore.Mvc.Infrastructure.ControllerActionInvoker.Rethrow(ActionExecutedContextSealed context)
   at Microsoft.AspNetCore.Mvc.Infrastructure.ControllerActionInvoker.Next(State& next, Scope& scope, Object& state, Boolean& isCompleted)
   at Microsoft.AspNetCore.Mvc.Infrastructure.ControllerActionInvoker.<InvokeInnerFilterAsync>g__Awaited|13_0(ControllerActionInvoker invoker, Task lastTask, State next, Scope scope, Object state, Boolean isCompleted)
   at Microsoft.AspNetCore.Mvc.Infrastructure.ResourceInvoker.<InvokeFilterPipelineAsync>g__Awaited|20_0(ResourceInvoker invoker, Task lastTask, State next, Scope scope, Object state, Boolean isCompleted)
   at Microsoft.AspNetCore.Mvc.Infrastructure.ResourceInvoker.<InvokeAsync>g__Logged|17_1(ResourceInvoker invoker)
   at Microsoft.AspNetCore.Mvc.Infrastructure.ResourceInvoker.<InvokeAsync>g__Logged|17_1(ResourceInvoker invoker)
   at Microsoft.AspNetCore.Routing.EndpointMiddleware.<Invoke>g__AwaitRequestTask|7_0(Endpoint endpoint, Task requestTask, ILogger logger)
   at Microsoft.AspNetCore.Authorization.AuthorizationMiddleware.Invoke(HttpContext context)
   at Microsoft.AspNetCore.Authentication.AuthenticationMiddleware.Invoke(HttpContext context)
   at jejames.api.ApiFactura.Middleware.ExceptionMiddleware.InvokeAsync(HttpContext context) in C:\Users\miban\OneDrive\Documents\project\JeJaimes\Applications\Api\jejames.api.ApiFactura\Middleware\ExceptionMiddleware.cs:line 24
2024-10-14 12:14:17.6726|INFO|Microsoft.AspNetCore.Hosting.Diagnostics|Request finished HTTP/1.1 POST http://localhost:5011/api/Auth/login - 500 - application/json;+charset=utf-8 241.1721ms 
2024-10-14 12:16:41.0942|INFO|Microsoft.Hosting.Lifetime|Application is shutting down... 
2024-10-14 12:16:51.9451|INFO|Microsoft.AspNetCore.DataProtection.KeyManagement.XmlKeyManager|User profile is available. Using 'C:\Users\miban\AppData\Local\ASP.NET\DataProtection-Keys' as key repository and Windows DPAPI to encrypt keys at rest. 
2024-10-14 12:16:52.0700|INFO|Microsoft.Hosting.Lifetime|Now listening on: http://localhost:5011 
2024-10-14 12:16:52.0700|INFO|Microsoft.Hosting.Lifetime|Application started. Press Ctrl+C to shut down. 
2024-10-14 12:16:52.0700|INFO|Microsoft.Hosting.Lifetime|Hosting environment: Development 
2024-10-14 12:16:52.0700|INFO|Microsoft.Hosting.Lifetime|Content root path: C:\Users\miban\OneDrive\Documents\project\JeJaimes\Applications\Api\jejames.api.ApiFactura 
2024-10-14 12:17:03.8182|INFO|Microsoft.AspNetCore.Hosting.Diagnostics|Request starting HTTP/1.1 POST http://localhost:5011/api/Auth/login - application/json 78 
2024-10-14 12:17:03.9002|INFO|Microsoft.AspNetCore.Routing.EndpointMiddleware|Executing endpoint 'jejames.api.ApiFactura.Controllers.AuthController.Login (jejames.api.ApiFactura)' 
2024-10-14 12:17:03.9320|INFO|Microsoft.AspNetCore.Mvc.Infrastructure.ControllerActionInvoker|Route matched with {action = "Login", controller = "Auth"}. Executing controller action with signature System.Threading.Tasks.Task`1[Microsoft.AspNetCore.Mvc.IActionResult] Login(jejames.api.ApiFactura.DTOs.LoginDto) on controller jejames.api.ApiFactura.Controllers.AuthController (jejames.api.ApiFactura). 
2024-10-14 12:17:05.0668|INFO|jejames.api.ApiFactura.Controllers.AuthController|Usuario autenticado: juanperez 
2024-10-14 12:17:05.0668|INFO|Microsoft.AspNetCore.Mvc.Infrastructure.ObjectResultExecutor|Executing OkObjectResult, writing value of type '<>f__AnonymousType1`1[[System.String, System.Private.CoreLib, Version=8.0.0.0, Culture=neutral, PublicKeyToken=7cec85d7bea7798e]]'. 
2024-10-14 12:17:05.0988|INFO|Microsoft.AspNetCore.Mvc.Infrastructure.ControllerActionInvoker|Executed action jejames.api.ApiFactura.Controllers.AuthController.Login (jejames.api.ApiFactura) in 1155.4158ms 
2024-10-14 12:17:05.0988|INFO|Microsoft.AspNetCore.Routing.EndpointMiddleware|Executed endpoint 'jejames.api.ApiFactura.Controllers.AuthController.Login (jejames.api.ApiFactura)' 
2024-10-14 12:17:05.0988|INFO|Microsoft.AspNetCore.Hosting.Diagnostics|Request finished HTTP/1.1 POST http://localhost:5011/api/Auth/login - 200 - application/json;+charset=utf-8 1287.4502ms 
2024-10-14 12:24:56.8706|INFO|Microsoft.Hosting.Lifetime|Application is shutting down... 
